{
  "RSpec": {
    "coverage": {
      "/Users/jdmac/Dropbox/MakersAcademy/week2/oyster_challenge/spec/journey_spec.rb": [
        1,
        null,
        1,
        4,
        1,
        null,
        2,
        null,
        1,
        1,
        null,
        null,
        1,
        1,
        null,
        null,
        null,
        null,
        null
      ],
      "/Users/jdmac/Dropbox/MakersAcademy/week2/oyster_challenge/lib/journey.rb": [
        1,
        1,
        null,
        1,
        null,
        3,
        null,
        null,
        1,
        1,
        null,
        null,
        1,
        1,
        null,
        null,
        null
      ],
      "/Users/jdmac/Dropbox/MakersAcademy/week2/oyster_challenge/spec/oystercard_spec.rb": [
        1,
        null,
        1,
        14,
        9,
        1,
        1,
        1,
        null,
        null,
        1,
        1,
        null,
        null,
        1,
        1,
        1,
        null,
        null,
        1,
        1,
        2,
        null,
        null,
        null,
        null,
        1,
        1,
        1,
        1,
        null,
        null,
        1,
        1,
        1,
        1,
        null,
        null,
        1,
        1,
        1,
        1,
        1,
        null,
        null,
        1,
        1,
        1,
        1,
        1,
        null,
        null,
        null,
        null,
        1,
        1,
        2,
        null,
        null,
        null,
        1,
        1,
        1,
        1,
        4,
        null,
        null,
        null,
        1,
        1,
        1,
        null,
        null,
        null,
        null,
        null,
        null,
        null,
        null,
        1,
        1,
        1,
        1,
        null,
        null,
        1,
        1,
        1,
        1,
        1,
        null,
        null,
        null
      ],
      "/Users/jdmac/Dropbox/MakersAcademy/week2/oyster_challenge/lib/oystercard.rb": [
        1,
        null,
        1,
        1,
        1,
        1,
        1,
        null,
        1,
        13,
        13,
        null,
        null,
        1,
        12,
        11,
        null,
        null,
        1,
        3,
        null,
        null,
        1,
        8,
        7,
        null,
        null,
        1,
        4,
        4,
        null,
        null,
        1,
        null,
        1,
        4,
        null,
        null,
        null
      ],
      "/Users/jdmac/Dropbox/MakersAcademy/week2/oyster_challenge/lib/station.rb": [
        1,
        1,
        null,
        1,
        2,
        2,
        null,
        null,
        null
      ],
      "/Users/jdmac/Dropbox/MakersAcademy/week2/oyster_challenge/spec/station_spec.rb": [
        1,
        null,
        1,
        null,
        1,
        1,
        1,
        1,
        null,
        null,
        1,
        1,
        1,
        null,
        null,
        null,
        null,
        null,
        null
      ]
    },
    "timestamp": 1552496162
  }
}
