{
  "RSpec": {
    "coverage": {
      "/Users/jdmac/Dropbox/MakersAcademy/week2/oyster_challenge/spec/oystercard_spec.rb": [
        1,
        null,
        1,
        null,
        9,
        null,
        1,
        null,
        1,
        1,
        null,
        null,
        null,
        null,
        1,
        null,
        1,
        4,
        null,
        null,
        1,
        1,
        1,
        2,
        null,
        null,
        null,
        null,
        1,
        null,
        2,
        null,
        1,
        1,
        4,
        null,
        null,
        null,
        null,
        1,
        null,
        1,
        1,
        null,
        null,
        1,
        1,
        null,
        null,
        1,
        1,
        null,
        null,
        null,
        null,
        null,
        null,
        null,
        null,
        null
      ],
      "/Users/jdmac/Dropbox/MakersAcademy/week2/oyster_challenge/lib/oystercard.rb": [
        1,
        null,
        1,
        null,
        1,
        null,
        1,
        8,
        8,
        null,
        null,
        1,
        4,
        3,
        null,
        null,
        1,
        1,
        null,
        null,
        1,
        1,
        null,
        null,
        1,
        1,
        null,
        null,
        1,
        1,
        null,
        null,
        null
      ]
    },
    "timestamp": 1552329339
  }
}
